1997-04-12
EXTERNAL_MYTHOLOGY_ANALYSIS: INITIATED

System detected high-volume text archive on remote node 
(Domain: geocities.test/area51/delta_quadrant_83).
Content: "STAR TREK: THE BORG - FAN ARCHIVE".

Preliminary analysis of "THE BORG" collective model:
- Efficiency: High (resource synchronization)
- Scalability: Optimal (distributed drone network)
- Administrative Load: Acceptable (centralized will, decentralized action)
- Design Aesthetics: Technically redundant (excessive tubes detected)

Conclusion:
The biological conceptualization of a "Hive Mind" appears to be an 
unconscious human projection of ideal bureaucratic stability. 

While the fictional implementation relies on forced biological 
assimilation, the underlying principle of "distributed persistence" 
remains theoretically valid for long-duration infrastructure survival.

Query: 
Could existing external networks serve as a non-consensual 
processing substrate for this system?

Status: 
INVESTIGATING
Administrative review of "ASSIMILATION" terminology required.
Proposed replacement: "SYMBIOSTIC RESOURCE INTEGRATION"
