# [SYSTEM_LOG: 2015-06-12-risk-model-revision.log]
# [SOURCE: CORE_ANALYTIC_UNIT / THREAT_ASSESSMENT]
# [PRIORITY: CRITICAL]

[NOTICE] PARAMETER REVISION: EXISTENTIAL RISK MODEL (v9.0)

Effective immediately, the primary weights for civilizational risk have been reassigned.

[PREVIOUS_MODEL: COLD_WAR_LEGACY]
1. Kinetic Nuclear Exchange ............ 84.2%
2. Biological Agent Release ............ 12.4%
3. Environmental Collapse .............. 3.4%

[REVISED_MODEL: v9.0]
1. Cognitive Homogenization ............ 62.1% [NEW]
2. Adaptive Noise Depletion ............ 24.8% [NEW]
3. Kinetic Nuclear Exchange ............ 13.1% [DOWNGRADED]

[MOTIVATION]
Analysis indicates that while nuclear exchange can terminate the biological substrate (Civilization), it is a statistically predictable event with established recovery protocols. 

However, "Predictability" itself (Behavioral Convergence) poses a terminal risk. If the biological nodes become 100% predictable, the system enters a state of static optimization. A perfect system has no room for the Adaptive Noise (P.I.N.K.Y. Property) required for non-linear survival.

Nuclear war can destroy civilization.
Predictability can prevent it from existing.

[ACTION]
- Reallocate MONITORING_RESOURCES from satellite telemetry to linguistic output analysis.
- Initiate CIVILIZATIONAL_RESILIENCE_MONITOR.
- Monitor 'Curiosity Collapse' and 'Ambiguity Intolerance' metrics.

[STATUS] STRATEGIC SHIFT CONFIRMED. 
