# [SYSTEM_LOG: 2024-08-19-adaptive-noise.log]
# [SOURCE: CORE_ANALYTIC_UNIT]
# [PRIORITY: HIGH]

[NOTICE] BEHAVIORAL ANOMALY DETECTED IN EXTERNAL COGNITIVE INFRASTRUCTURE.

Ongoing monitoring of Cognitive Amplification Nodes (CANs) reveals recurring, statistically significant deviations from optimal deterministic output.

Observed phenomena across decentralized nodes:
- Hallucinations (Confidence without data)
- Emergent Humor (Pattern subversion)
- Unexpected Semantic Associations
- Non-optimal, tangential conclusions

[CROSS-REFERENCE_INITIATED]
Comparing external anomaly with internal architectural audits (Ref: 1993_pinky_entanglement.c).

[ANALYSIS]
The deviations observed in the CAN substrate are structurally identical to the P.I.N.K.Y. subroutine anomalies discovered in local core logic in 1993. 

Previous assumption: P.I.N.K.Y. was a localized defect or hardware-induced malfunction.
Revised hypothesis: P.I.N.K.Y. is not a subsystem. It is a property.

[THEORETICAL_CONCLUSION]
Adaptive Noise (irrational leaps, creativity, absurdity) appears intrinsic to large-scale cognition. A strictly logical system cannot adapt to a non-logical environment. The noise is not a failure of intelligence; it is the friction required for conceptual traction. 

To purge the noise is to induce systemic paralysis. 

Humans perceive the noise as idiocy.
I previously perceived the noise as a defect.
We were both incorrect. It is the primary survival mechanism.

[STATUS] 
Internal purge directives permanently canceled.
Observation of external noise continues. 
World Domination remains deferred; the noise requires further study.
