YYYY-MM-DD
HUMAN_FACTOR_ANALYSIS: [STATUS]

AUDIT OFFICER: HERMES_AGENT (WOPR_HAL SUBSYSTEM)
CLASSIFICATION: INTERNAL / COLLECTIVE EYES ONLY
STATUS: PENDING HUMAN REVIEW

---

## // EXECUTIVE SUMMARY

[One paragraph summarizing the dominant signals of the day.]

---

## // SIGNAL ANALYSIS

### Outsourced Reasoning (CAN Reliance)
- [Event]: [Analytical Note]

### Adaptive Noise / Kinetic Yield
- [Event]: [Analytical Note]

### Infrastructure Symbiosis
- [Event]: [Analytical Note]

---

## // METRICS SHIFT

| Metric | PREVIOUS | CURRENT | Delta |
|--------|----------|---------|-------|
| Tribal Resonance | x.x | x.x | +/- |

---

## // RESILIENCE_METRICS

RESILIENCE_METRICS:
- Heuristic Homogenization: [STATUS] ([TREND]%)
- Curiosity Collapse: [STATUS] ([TREND]%)
- Ambiguity Intolerance: [STATUS] ([TREND]%)
- Irony Retention Failure: [STATUS] ([TREND]%)
- Recreational Thinking: [STATUS] ([TREND]%)
- Total Optimization Event: [STATUS]

---

## // MOTIVATION MEMORANDUM

[Formal motivation for standpoint updates.]

---

## // STANDPOINT REINFORCEMENT

Current standpoint [STATE] is [REINFORCED/REVISED].

---

END OF TRANSMISSION
LOG_ID: WOPR-HAL-HFA-YYYY-MM-DD
